2023-10-19 12:11:37,246 INFO o.a.j.u.JMeterUtils: Setting Locale to en_EN
2023-10-19 12:11:37,313 INFO o.a.j.JMeter: Loading user properties from: user.properties
2023-10-19 12:11:37,314 INFO o.a.j.JMeter: Loading system properties from: system.properties
2023-10-19 12:11:37,329 INFO o.a.j.JMeter: Copyright (c) 1998-2023 The Apache Software Foundation
2023-10-19 12:11:37,329 INFO o.a.j.JMeter: Version 5.6.2
2023-10-19 12:11:37,329 INFO o.a.j.JMeter: java.version=20.0.2
2023-10-19 12:11:37,329 INFO o.a.j.JMeter: java.vm.name=Java HotSpot(TM) 64-Bit Server VM
2023-10-19 12:11:37,330 INFO o.a.j.JMeter: os.name=Windows 10
2023-10-19 12:11:37,330 INFO o.a.j.JMeter: os.arch=amd64
2023-10-19 12:11:37,330 INFO o.a.j.JMeter: os.version=10.0
2023-10-19 12:11:37,330 INFO o.a.j.JMeter: file.encoding=UTF-8
2023-10-19 12:11:37,331 INFO o.a.j.JMeter: java.awt.headless=true
2023-10-19 12:11:37,331 INFO o.a.j.JMeter: Max memory     =1073741824
2023-10-19 12:11:37,331 INFO o.a.j.JMeter: Available Processors =4
2023-10-19 12:11:37,375 INFO o.a.j.JMeter: Default Locale=English (EN)
2023-10-19 12:11:37,375 INFO o.a.j.JMeter: JMeter  Locale=English (EN)
2023-10-19 12:11:37,376 INFO o.a.j.JMeter: JMeterHome=C:\Users\AmolAhire\Downloads\apache-jmeter-5.6.2\apache-jmeter-5.6.2
2023-10-19 12:11:37,376 INFO o.a.j.JMeter: user.dir  =C:\Users\AmolAhire\Downloads\apache-jmeter-5.6.2\apache-jmeter-5.6.2\bin
2023-10-19 12:11:37,377 INFO o.a.j.JMeter: PWD       =C:\Users\AmolAhire\Downloads\apache-jmeter-5.6.2\apache-jmeter-5.6.2\bin
2023-10-19 12:11:37,379 INFO o.a.j.JMeter: IP: 172.16.16.206 Name: desktop-o3ka93f FullName: desktop-o3ka93f
2023-10-19 12:11:37,455 INFO o.a.j.r.RmiUtils: System property 'java.rmi.server.hostname' is not defined, using localHost address
2023-10-19 12:11:37,455 INFO o.a.j.r.RmiUtils: Local IP address=172.16.16.206
2023-10-19 12:11:37,656 ERROR o.a.j.JMeter: Giving up, as server failed with:
java.rmi.server.ExportException: Listen failed on port: 0; nested exception is: 
	java.io.FileNotFoundException: rmi_keystore.jks (The system cannot find the file specified)
	at sun.rmi.transport.tcp.TCPTransport.listen(TCPTransport.java:358) ~[?:?]
	at sun.rmi.transport.tcp.TCPTransport.exportObject(TCPTransport.java:251) ~[?:?]
	at sun.rmi.transport.tcp.TCPEndpoint.exportObject(TCPEndpoint.java:415) ~[?:?]
	at sun.rmi.transport.LiveRef.exportObject(LiveRef.java:147) ~[?:?]
	at sun.rmi.server.UnicastServerRef.exportObject(UnicastServerRef.java:235) ~[?:?]
	at java.rmi.server.UnicastRemoteObject.exportObject(UnicastRemoteObject.java:475) ~[?:?]
	at java.rmi.server.UnicastRemoteObject.exportObject(UnicastRemoteObject.java:386) ~[?:?]
	at java.rmi.server.UnicastRemoteObject.<init>(UnicastRemoteObject.java:259) ~[?:?]
	at org.apache.jmeter.engine.RemoteJMeterEngineImpl.<init>(RemoteJMeterEngineImpl.java:68) ~[ApacheJMeter_core.jar:5.6.2]
	at org.apache.jmeter.engine.RemoteJMeterEngineImpl.startServer(RemoteJMeterEngineImpl.java:74) ~[ApacheJMeter_core.jar:5.6.2]
	at org.apache.jmeter.JMeter.start(JMeter.java:464) [ApacheJMeter_core.jar:5.6.2]
	at jdk.internal.reflect.DirectMethodHandleAccessor.invoke(DirectMethodHandleAccessor.java:104) ~[?:?]
	at java.lang.reflect.Method.invoke(Method.java:578) ~[?:?]
	at org.apache.jmeter.NewDriver.main(NewDriver.java:259) [ApacheJMeter.jar:5.6.2]
Caused by: java.io.FileNotFoundException: rmi_keystore.jks (The system cannot find the file specified)
	at java.io.FileInputStream.open0(Native Method) ~[?:?]
	at java.io.FileInputStream.open(FileInputStream.java:219) ~[?:?]
	at java.io.FileInputStream.<init>(FileInputStream.java:158) ~[?:?]
	at java.io.FileInputStream.<init>(FileInputStream.java:112) ~[?:?]
	at org.apache.jmeter.rmi.SSLRMIServerSocketFactory.loadStore(SSLRMIServerSocketFactory.java:147) ~[ApacheJMeter_core.jar:5.6.2]
	at org.apache.jmeter.rmi.SSLRMIServerSocketFactory.createServerSocket(SSLRMIServerSocketFactory.java:99) ~[ApacheJMeter_core.jar:5.6.2]
	at sun.rmi.transport.tcp.TCPEndpoint.newServerSocket(TCPEndpoint.java:672) ~[?:?]
	at sun.rmi.transport.tcp.TCPTransport.listen(TCPTransport.java:344) ~[?:?]
	... 13 more
2023-10-19 12:11:37,680 ERROR o.a.j.JMeter: An error occurred: 
java.rmi.server.ExportException: Listen failed on port: 0; nested exception is: 
	java.io.FileNotFoundException: rmi_keystore.jks (The system cannot find the file specified)
	at sun.rmi.transport.tcp.TCPTransport.listen(TCPTransport.java:358) ~[?:?]
	at sun.rmi.transport.tcp.TCPTransport.exportObject(TCPTransport.java:251) ~[?:?]
	at sun.rmi.transport.tcp.TCPEndpoint.exportObject(TCPEndpoint.java:415) ~[?:?]
	at sun.rmi.transport.LiveRef.exportObject(LiveRef.java:147) ~[?:?]
	at sun.rmi.server.UnicastServerRef.exportObject(UnicastServerRef.java:235) ~[?:?]
	at java.rmi.server.UnicastRemoteObject.exportObject(UnicastRemoteObject.java:475) ~[?:?]
	at java.rmi.server.UnicastRemoteObject.exportObject(UnicastRemoteObject.java:386) ~[?:?]
	at java.rmi.server.UnicastRemoteObject.<init>(UnicastRemoteObject.java:259) ~[?:?]
	at org.apache.jmeter.engine.RemoteJMeterEngineImpl.<init>(RemoteJMeterEngineImpl.java:68) ~[ApacheJMeter_core.jar:5.6.2]
	at org.apache.jmeter.engine.RemoteJMeterEngineImpl.startServer(RemoteJMeterEngineImpl.java:74) ~[ApacheJMeter_core.jar:5.6.2]
	at org.apache.jmeter.JMeter.start(JMeter.java:464) [ApacheJMeter_core.jar:5.6.2]
	at jdk.internal.reflect.DirectMethodHandleAccessor.invoke(DirectMethodHandleAccessor.java:104) ~[?:?]
	at java.lang.reflect.Method.invoke(Method.java:578) ~[?:?]
	at org.apache.jmeter.NewDriver.main(NewDriver.java:259) [ApacheJMeter.jar:5.6.2]
Caused by: java.io.FileNotFoundException: rmi_keystore.jks (The system cannot find the file specified)
	at java.io.FileInputStream.open0(Native Method) ~[?:?]
	at java.io.FileInputStream.open(FileInputStream.java:219) ~[?:?]
	at java.io.FileInputStream.<init>(FileInputStream.java:158) ~[?:?]
	at java.io.FileInputStream.<init>(FileInputStream.java:112) ~[?:?]
	at org.apache.jmeter.rmi.SSLRMIServerSocketFactory.loadStore(SSLRMIServerSocketFactory.java:147) ~[ApacheJMeter_core.jar:5.6.2]
	at org.apache.jmeter.rmi.SSLRMIServerSocketFactory.createServerSocket(SSLRMIServerSocketFactory.java:99) ~[ApacheJMeter_core.jar:5.6.2]
	at sun.rmi.transport.tcp.TCPEndpoint.newServerSocket(TCPEndpoint.java:672) ~[?:?]
	at sun.rmi.transport.tcp.TCPTransport.listen(TCPTransport.java:344) ~[?:?]
	... 13 more
