2023-10-27 12:29:53,444 INFO o.a.j.u.JMeterUtils: Setting Locale to en_IN
2023-10-27 12:29:53,475 INFO o.a.j.JMeter: Loading user properties from: user.properties
2023-10-27 12:29:53,476 INFO o.a.j.JMeter: Loading system properties from: system.properties
2023-10-27 12:29:53,487 INFO o.a.j.JMeter: Copyright (c) 1998-2023 The Apache Software Foundation
2023-10-27 12:29:53,487 INFO o.a.j.JMeter: Version 5.6.2
2023-10-27 12:29:53,488 INFO o.a.j.JMeter: java.version=20.0.2
2023-10-27 12:29:53,488 INFO o.a.j.JMeter: java.vm.name=Java HotSpot(TM) 64-Bit Server VM
2023-10-27 12:29:53,488 INFO o.a.j.JMeter: os.name=Windows 10
2023-10-27 12:29:53,488 INFO o.a.j.JMeter: os.arch=amd64
2023-10-27 12:29:53,488 INFO o.a.j.JMeter: os.version=10.0
2023-10-27 12:29:53,488 INFO o.a.j.JMeter: file.encoding=UTF-8
2023-10-27 12:29:53,488 INFO o.a.j.JMeter: java.awt.headless=null
2023-10-27 12:29:53,488 INFO o.a.j.JMeter: Max memory     =4269801472
2023-10-27 12:29:53,489 INFO o.a.j.JMeter: Available Processors =4
2023-10-27 12:29:53,505 INFO o.a.j.JMeter: Default Locale=English (India)
2023-10-27 12:29:53,505 INFO o.a.j.JMeter: JMeter  Locale=English (India)
2023-10-27 12:29:53,505 INFO o.a.j.JMeter: JMeterHome=C:\Users\AmolAhire\OneDrive - Care IO, Inc\software\apache-jmeter-5.6.2\apache-jmeter-5.6.2
2023-10-27 12:29:53,506 INFO o.a.j.JMeter: user.dir  =C:\Users\AmolAhire\OneDrive - Care IO, Inc\software\apache-jmeter-5.6.2\apache-jmeter-5.6.2\bin
2023-10-27 12:29:53,506 INFO o.a.j.JMeter: PWD       =C:\Users\AmolAhire\OneDrive - Care IO, Inc\software\apache-jmeter-5.6.2\apache-jmeter-5.6.2\bin
2023-10-27 12:29:53,507 INFO o.a.j.JMeter: IP: 172.16.16.206 Name: desktop-o3ka93f FullName: desktop-o3ka93f
2023-10-27 12:29:53,537 INFO o.a.j.JMeter: Loaded icon properties from org/apache/jmeter/images/icon.properties
2023-10-27 12:29:53,819 INFO o.a.j.JMeterGuiLauncher: Setting LAF to: com.github.weisj.darklaf.DarkLaf:com.github.weisj.darklaf.theme.DarculaTheme
2023-10-27 12:30:12,865 INFO o.a.j.p.h.s.HTTPSamplerBase: Parser for text/html is org.apache.jmeter.protocol.http.parser.LagartoBasedHtmlParser
2023-10-27 12:30:12,866 INFO o.a.j.p.h.s.HTTPSamplerBase: Parser for application/xhtml+xml is org.apache.jmeter.protocol.http.parser.LagartoBasedHtmlParser
2023-10-27 12:30:12,866 INFO o.a.j.p.h.s.HTTPSamplerBase: Parser for application/xml is org.apache.jmeter.protocol.http.parser.LagartoBasedHtmlParser
2023-10-27 12:30:12,866 INFO o.a.j.p.h.s.HTTPSamplerBase: Parser for text/xml is org.apache.jmeter.protocol.http.parser.LagartoBasedHtmlParser
2023-10-27 12:30:12,866 INFO o.a.j.p.h.s.HTTPSamplerBase: Parser for text/vnd.wap.wml is org.apache.jmeter.protocol.http.parser.RegexpHTMLParser
2023-10-27 12:30:12,866 INFO o.a.j.p.h.s.HTTPSamplerBase: Parser for text/css is org.apache.jmeter.protocol.http.parser.CssParser
2023-10-27 12:32:28,374 INFO o.a.j.s.SampleResult: Note: Sample TimeStamps are START times
2023-10-27 12:32:28,374 INFO o.a.j.s.SampleResult: sampleresult.default.encoding is set to UTF-8
2023-10-27 12:32:28,375 INFO o.a.j.s.SampleResult: sampleresult.useNanoTime=true
2023-10-27 12:32:28,375 INFO o.a.j.s.SampleResult: sampleresult.nanoThreadSleep=5000
2023-10-27 12:32:52,773 INFO o.a.j.e.StandardJMeterEngine: Running the test!
2023-10-27 12:32:52,775 INFO o.a.j.s.SampleEvent: List of sample_variables: []
2023-10-27 12:32:52,775 INFO o.a.j.s.SampleEvent: List of sample_variables: []
2023-10-27 12:32:52,780 INFO o.a.j.e.u.CompoundVariable: Note: Function class names must contain the string: '.functions.'
2023-10-27 12:32:52,780 INFO o.a.j.e.u.CompoundVariable: Note: Function class names must not contain the string: '.gui.'
2023-10-27 12:32:52,874 INFO o.a.j.g.u.JMeterMenuBar: setRunning(true, *local*)
2023-10-27 12:32:52,935 INFO o.a.j.e.StandardJMeterEngine: Starting ThreadGroup: 1 : Thread Group
2023-10-27 12:32:52,935 INFO o.a.j.e.StandardJMeterEngine: Starting 1 threads for group Thread Group.
2023-10-27 12:32:52,936 INFO o.a.j.e.StandardJMeterEngine: Thread will continue on error
2023-10-27 12:32:52,936 INFO o.a.j.t.ThreadGroup: Starting thread group... number=1 threads=1 ramp-up=1 delayedStart=false
2023-10-27 12:32:52,941 INFO o.a.j.t.ThreadGroup: Started thread group number 1
2023-10-27 12:32:52,941 INFO o.a.j.e.StandardJMeterEngine: All thread groups have been started
2023-10-27 12:32:52,944 INFO o.a.j.t.JMeterThread: Thread started: Thread Group 1-1
2023-10-27 12:32:52,969 INFO o.a.j.p.h.s.HTTPHCAbstractImpl: Local host = desktop-o3ka93f
2023-10-27 12:32:52,984 INFO o.a.j.p.h.s.HTTPHC4Impl: HTTP request retry count = 0
2023-10-27 12:32:53,694 INFO o.a.j.t.JMeterThread: Thread is done: Thread Group 1-1
2023-10-27 12:32:53,694 INFO o.a.j.t.JMeterThread: Thread finished: Thread Group 1-1
2023-10-27 12:32:53,696 INFO o.a.j.e.StandardJMeterEngine: Notifying test listeners of end of test
2023-10-27 12:32:53,697 INFO o.a.j.s.FileServer: Default base='C:\Users\AmolAhire\OneDrive - Care IO, Inc\software\apache-jmeter-5.6.2\apache-jmeter-5.6.2\bin'
2023-10-27 12:32:53,698 INFO o.a.j.g.u.JMeterMenuBar: setRunning(false, *local*)
2023-10-27 12:34:05,752 INFO o.a.j.s.FileServer: Set new base='C:\Users\AmolAhire\OneDrive - Care IO, Inc\software\apache-jmeter-5.6.2\apache-jmeter-5.6.2\bin'
2023-10-27 12:34:06,166 INFO o.a.j.s.SaveService: Testplan (JMX) version: 2.2. Testlog (JTL) version: 2.2
2023-10-27 12:34:06,206 INFO o.a.j.s.SaveService: Using SaveService properties version 5.0
2023-10-27 12:34:06,209 INFO o.a.j.s.SaveService: Using SaveService properties file encoding UTF-8
2023-10-27 12:34:06,258 INFO o.a.j.e.StandardJMeterEngine: Running the test!
2023-10-27 12:34:06,259 INFO o.a.j.s.SampleEvent: List of sample_variables: []
2023-10-27 12:34:06,260 INFO o.a.j.g.u.JMeterMenuBar: setRunning(true, *local*)
2023-10-27 12:34:06,321 INFO o.a.j.e.StandardJMeterEngine: Starting ThreadGroup: 1 : Thread Group
2023-10-27 12:34:06,321 INFO o.a.j.e.StandardJMeterEngine: Starting 1 threads for group Thread Group.
2023-10-27 12:34:06,321 INFO o.a.j.e.StandardJMeterEngine: Thread will continue on error
2023-10-27 12:34:06,321 INFO o.a.j.t.ThreadGroup: Starting thread group... number=1 threads=1 ramp-up=1 delayedStart=false
2023-10-27 12:34:06,322 INFO o.a.j.t.ThreadGroup: Started thread group number 1
2023-10-27 12:34:06,322 INFO o.a.j.e.StandardJMeterEngine: All thread groups have been started
2023-10-27 12:34:06,322 INFO o.a.j.t.JMeterThread: Thread started: Thread Group 1-1
2023-10-27 12:34:06,851 INFO o.a.j.t.JMeterThread: Thread is done: Thread Group 1-1
2023-10-27 12:34:06,852 INFO o.a.j.t.JMeterThread: Thread finished: Thread Group 1-1
2023-10-27 12:34:06,852 INFO o.a.j.e.StandardJMeterEngine: Notifying test listeners of end of test
2023-10-27 12:34:06,853 INFO o.a.j.g.u.JMeterMenuBar: setRunning(false, *local*)
